<?xml version="1.0" encoding="UTF-8"?>
<!-- Generated by org.testng.reporters.JUnitXMLReporter -->
<testsuite ignored="0" hostname="JatinCodiste" failures="0" tests="4" name="Default test" time="26.399" errors="0" timestamp="2025-09-22T12:24:32 IST">
  <testcase classname="tests.LoginTest" name="loginTest" time="10.17"/>
  <testcase classname="tests.LoginTest" name="loginTest" time="1.448"/>
  <testcase classname="tests.LoginTest" name="loginTest" time="1.463"/>
  <testcase classname="tests.LoginTest" name="loginTest" time="1.472"/>
</testsuite> <!-- Default test -->
