<?xml version="1.0" encoding="UTF-8"?>
<!-- Generated by org.testng.reporters.JUnitXMLReporter -->
<testsuite ignored="0" hostname="JatinCodiste" failures="0" tests="4" name="Default test" time="23.595" errors="0" timestamp="2025-09-17T19:06:55 IST">
  <testcase classname="tests.LoginTest" name="invalidEmailAndPasswordTest" time="1.226"/>
  <testcase classname="tests.LoginTest" name="invalidEmailTest" time="1.411"/>
  <testcase classname="tests.LoginTest" name="invalidPasswordTest" time="1.219"/>
  <testcase classname="tests.LoginTest" name="validLoginTest" time="10.17"/>
</testsuite> <!-- Default test -->
