<?xml version="1.0" encoding="UTF-8"?>
<!-- Generated by org.testng.reporters.JUnitXMLReporter -->
<testsuite ignored="0" hostname="JatinCodiste" failures="0" tests="6" name="ChromeTests" time="250.431" errors="0" timestamp="2025-09-26T11:34:09 IST">
  <testcase classname="tests.LoginTest" name="loginTest" time="36.943"/>
  <testcase classname="tests.LoginTest" name="loginTest" time="1.754"/>
  <testcase classname="tests.LoginTest" name="loginTest" time="1.585"/>
  <testcase classname="tests.LoginTest" name="loginTest" time="1.579"/>
  <testcase classname="tests.SignUpTest" name="validSignUpTest" time="47.703"/>
  <testcase classname="tests.CreateAgentTest" name="createAndDeleteAgentTest" time="138.443"/>
</testsuite> <!-- ChromeTests -->
