<?xml version="1.0" encoding="UTF-8"?>
<!-- Generated by org.testng.reporters.JUnitXMLReporter -->
<testsuite ignored="0" hostname="JatinCodiste" failures="0" tests="5" name="ChromeTests" time="119.747" errors="0" timestamp="2025-09-20T15:53:01 IST">
  <testcase classname="tests.LoginTest" name="validLoginTest" time="18.724"/>
  <testcase classname="tests.SignUpTest" name="validSignUpTest" time="84.166"/>
  <testcase classname="tests.LoginTest" name="invalidPasswordTest" time="1.191"/>
  <testcase classname="tests.LoginTest" name="invalidEmailTest" time="1.175"/>
  <testcase classname="tests.LoginTest" name="invalidEmailAndPasswordTest" time="1.138"/>
</testsuite> <!-- ChromeTests -->
