<?xml version="1.0" encoding="UTF-8"?>
<!-- Generated by org.testng.reporters.JUnitXMLReporter -->
<testsuite ignored="0" hostname="JatinCodiste" failures="0" tests="5" name="EdgeTests" time="46.041" errors="0" timestamp="2025-09-18T14:52:35 IST">
  <testcase classname="tests.LoginTest" name="invalidEmailAndPasswordTest" time="1.538"/>
  <testcase classname="tests.LoginTest" name="invalidEmailTest" time="1.489"/>
  <testcase classname="tests.LoginTest" name="invalidPasswordTest" time="1.467"/>
  <testcase classname="tests.LoginTest" name="validLoginTest" time="10.998"/>
  <testcase classname="tests.SignUpTest" name="validSignUpTest" time="14.464"/>
</testsuite> <!-- EdgeTests -->
