<?xml version="1.0" encoding="UTF-8"?>
<!-- Generated by org.testng.reporters.JUnitXMLReporter -->
<testsuite ignored="0" hostname="JatinCodiste" failures="0" tests="5" name="EdgeTests" time="104.272" errors="0" timestamp="2025-09-20T15:56:56 IST">
  <testcase classname="tests.LoginTest" name="validLoginTest" time="18.902"/>
  <testcase classname="tests.SignUpTest" name="validSignUpTest" time="70.222"/>
  <testcase classname="tests.LoginTest" name="invalidPasswordTest" time="1.241"/>
  <testcase classname="tests.LoginTest" name="invalidEmailTest" time="1.618"/>
  <testcase classname="tests.LoginTest" name="invalidEmailAndPasswordTest" time="1.206"/>
</testsuite> <!-- EdgeTests -->
