<?xml version="1.0" encoding="UTF-8"?>
<!-- Generated by org.testng.reporters.JUnitXMLReporter -->
<testsuite ignored="0" hostname="JatinCodiste" failures="0" tests="5" name="FirefoxTests" time="130.076" errors="0" timestamp="2025-09-20T15:55:11 IST">
  <testcase classname="tests.LoginTest" name="validLoginTest" time="18.817"/>
  <testcase classname="tests.SignUpTest" name="validSignUpTest" time="77.487"/>
  <testcase classname="tests.LoginTest" name="invalidPasswordTest" time="1.472"/>
  <testcase classname="tests.LoginTest" name="invalidEmailTest" time="1.337"/>
  <testcase classname="tests.LoginTest" name="invalidEmailAndPasswordTest" time="1.363"/>
</testsuite> <!-- FirefoxTests -->
