<?xml version="1.0" encoding="UTF-8"?>
<!-- Generated by org.testng.reporters.JUnitXMLReporter -->
<testsuite ignored="0" hostname="JatinCodiste" failures="0" tests="5" name="FirefoxTests" time="83.83" errors="0" timestamp="2025-09-17T15:31:46 IST">
  <testcase classname="tests.LoginTest" name="invalidEmailAndPasswordTest" time="1.605"/>
  <testcase classname="tests.LoginTest" name="invalidEmailTest" time="1.567"/>
  <testcase classname="tests.LoginTest" name="invalidPasswordTest" time="1.425"/>
  <testcase classname="tests.LoginTest" name="validLoginTest" time="41.847"/>
  <testcase classname="tests.SignUpTest" name="validSignUpTest" time="14.009"/>
</testsuite> <!-- FirefoxTests -->
