<?xml version="1.0" encoding="UTF-8"?>
<testng-results ignored="0" total="12" passed="12" failed="0" skipped="0">
  <reporter-output>
    <line>
      <![CDATA[✅ Login Successful: Valid Email & Valid Password]]>
    </line>
    <line>
      <![CDATA[Logout Successfully]]>
    </line>
    <line>
      <![CDATA[❌ Login Failed: Valid Email & Invalid Password]]>
    </line>
    <line>
      <![CDATA[❌ Login Failed: Invalid Email & Valid Password]]>
    </line>
    <line>
      <![CDATA[❌ Login Failed: Invalid Email & Invalid Password]]>
    </line>
    <line>
      <![CDATA[✅ Signup Email: testuser1759750542785@example.com]]>
    </line>
    <line>
      <![CDATA[STEP: Enter email and password]]>
    </line>
    <line>
      <![CDATA[RESULT: Login successful with email: jatin.p@codiste.com]]>
    </line>
    <line>
      <![CDATA[STEP: Wait and click on Create Agent button]]>
    </line>
    <line>
      <![CDATA[RESULT: Create Agent button clicked successfully]]>
    </line>
    <line>
      <![CDATA[STEP: Select agent template]]>
    </line>
    <line>
      <![CDATA[RESULT: Agent template selected successfully]]>
    </line>
    <line>
      <![CDATA[STEP: Assign phone number to agent]]>
    </line>
    <line>
      <![CDATA[ACTION: Clicked on phone number dropdown]]>
    </line>
    <line>
      <![CDATA[ACTION: Phone number selected]]>
    </line>
    <line>
      <![CDATA[RESULT: Phone number assigned successfully]]>
    </line>
    <line>
      <![CDATA[ACTION: Scrolled to Save button]]>
    </line>
    <line>
      <![CDATA[ACTION: Page refreshed]]>
    </line>
    <line>
      <![CDATA[RESULT: Agent saved successfully]]>
    </line>
    <line>
      <![CDATA[Popup did not appear, continue execution]]>
    </line>
    <line>
      <![CDATA[STEP: Configure Get a Call]]>
    </line>
    <line>
      <![CDATA[ACTION: Clicked on Get a Call button]]>
    </line>
    <line>
      <![CDATA[ACTION: Clicked on Phone Number dropdown]]>
    </line>
    <line>
      <![CDATA[ACTION: Selected phone number from options]]>
    </line>
    <line>
      <![CDATA[ACTION: Clicked on Country dropdown]]>
    </line>
    <line>
      <![CDATA[ACTION: Selected India as country]]>
    </line>
    <line>
      <![CDATA[ACTION: Entered phone number]]>
    </line>
    <line>
      <![CDATA[RESULT: Phone number saved successfully]]>
    </line>
    <line>
      <![CDATA[ACTION: Page refreshed after saving phone number]]>
    </line>
    <line>
      <![CDATA[ACTION: Delete button clicked via JS]]>
    </line>
    <line>
      <![CDATA[RESULT: Alert dialog opened successfully]]>
    </line>
    <line>
      <![CDATA[RESULT: Proceed button clicked normally]]>
    </line>
    <line>
      <![CDATA[Deleted Agent Successfully]]>
    </line>
    <line>
      <![CDATA[✅ Login Successful: Valid Email & Valid Password]]>
    </line>
    <line>
      <![CDATA[Logout Successfully]]>
    </line>
    <line>
      <![CDATA[❌ Login Failed: Valid Email & Invalid Password]]>
    </line>
    <line>
      <![CDATA[❌ Login Failed: Invalid Email & Valid Password]]>
    </line>
    <line>
      <![CDATA[❌ Login Failed: Invalid Email & Invalid Password]]>
    </line>
    <line>
      <![CDATA[✅ Signup Email: testuser1759750782000@example.com]]>
    </line>
    <line>
      <![CDATA[STEP: Enter email and password]]>
    </line>
    <line>
      <![CDATA[RESULT: Login successful with email: jatin.p@codiste.com]]>
    </line>
    <line>
      <![CDATA[STEP: Wait and click on Create Agent button]]>
    </line>
    <line>
      <![CDATA[RESULT: Create Agent button clicked successfully]]>
    </line>
    <line>
      <![CDATA[STEP: Select agent template]]>
    </line>
    <line>
      <![CDATA[RESULT: Agent template selected successfully]]>
    </line>
    <line>
      <![CDATA[STEP: Assign phone number to agent]]>
    </line>
    <line>
      <![CDATA[ACTION: Clicked on phone number dropdown]]>
    </line>
    <line>
      <![CDATA[ACTION: Phone number selected]]>
    </line>
    <line>
      <![CDATA[RESULT: Phone number assigned successfully]]>
    </line>
    <line>
      <![CDATA[ACTION: Scrolled to Save button]]>
    </line>
    <line>
      <![CDATA[ACTION: Page refreshed]]>
    </line>
    <line>
      <![CDATA[RESULT: Agent saved successfully]]>
    </line>
    <line>
      <![CDATA[Popup did not appear, continue execution]]>
    </line>
    <line>
      <![CDATA[STEP: Configure Get a Call]]>
    </line>
    <line>
      <![CDATA[ACTION: Clicked on Get a Call button]]>
    </line>
    <line>
      <![CDATA[ACTION: Clicked on Phone Number dropdown]]>
    </line>
    <line>
      <![CDATA[ACTION: Selected phone number from options]]>
    </line>
    <line>
      <![CDATA[ACTION: Clicked on Country dropdown]]>
    </line>
    <line>
      <![CDATA[ACTION: Selected India as country]]>
    </line>
    <line>
      <![CDATA[ACTION: Entered phone number]]>
    </line>
    <line>
      <![CDATA[RESULT: Phone number saved successfully]]>
    </line>
    <line>
      <![CDATA[ACTION: Page refreshed after saving phone number]]>
    </line>
    <line>
      <![CDATA[ACTION: Delete button clicked via JS]]>
    </line>
    <line>
      <![CDATA[RESULT: Alert dialog opened successfully]]>
    </line>
    <line>
      <![CDATA[RESULT: Proceed button clicked normally]]>
    </line>
    <line>
      <![CDATA[Deleted Agent Successfully]]>
    </line>
  </reporter-output>
  <suite started-at="2025-10-06T17:04:56 IST" name="AutomationSuite" finished-at="2025-10-06T17:13:00 IST" duration-ms="484246">
    <groups>
    </groups>
    <test started-at="2025-10-06T17:04:56 IST" name="ChromeTests" finished-at="2025-10-06T17:08:43 IST" duration-ms="226755">
      <class name="tests.LoginTest">
        <test-method is-config="true" signature="beforeClass(java.lang.String,org.testng.ITestContext)[pri:0, instance:tests.LoginTest@24aed80c]" started-at="2025-10-06T17:04:56 IST" name="beforeClass" finished-at="2025-10-06T17:04:59 IST" duration-ms="3239" status="PASS">
          <params>
            <param index="0">
              <value>
                <![CDATA[chrome]]>
              </value>
            </param>
            <param index="1">
              <value>
                <![CDATA[org.testng.TestRunner@4b62f1ba]]>
              </value>
            </param>
          </params>
          <reporter-output>
          </reporter-output>
        </test-method> <!-- beforeClass -->
        <test-method signature="loginTest(java.lang.String,java.lang.String,java.lang.String)[pri:0, instance:tests.LoginTest@24aed80c]" started-at="2025-10-06T17:04:59 IST" name="loginTest" data-provider="loginData" finished-at="2025-10-06T17:05:35 IST" duration-ms="36257" status="PASS">
          <params>
            <param index="0">
              <value>
                <![CDATA[validLogin]]>
              </value>
            </param>
            <param index="1">
              <value>
                <![CDATA[jatin.p@codiste.com]]>
              </value>
            </param>
            <param index="2">
              <value>
                <![CDATA[Jatin@123]]>
              </value>
            </param>
          </params>
          <reporter-output>
            <line>
              <![CDATA[✅ Login Successful: Valid Email & Valid Password]]>
            </line>
            <line>
              <![CDATA[Logout Successfully]]>
            </line>
          </reporter-output>
        </test-method> <!-- loginTest -->
        <test-method signature="loginTest(java.lang.String,java.lang.String,java.lang.String)[pri:0, instance:tests.LoginTest@24aed80c]" started-at="2025-10-06T17:05:35 IST" name="loginTest" data-provider="loginData" finished-at="2025-10-06T17:05:37 IST" duration-ms="1485" status="PASS">
          <params>
            <param index="0">
              <value>
                <![CDATA[invalidPassword]]>
              </value>
            </param>
            <param index="1">
              <value>
                <![CDATA[jatin.p@codiste.com]]>
              </value>
            </param>
            <param index="2">
              <value>
                <![CDATA[Jatin@1122]]>
              </value>
            </param>
          </params>
          <reporter-output>
            <line>
              <![CDATA[❌ Login Failed: Valid Email & Invalid Password]]>
            </line>
          </reporter-output>
        </test-method> <!-- loginTest -->
        <test-method signature="loginTest(java.lang.String,java.lang.String,java.lang.String)[pri:0, instance:tests.LoginTest@24aed80c]" started-at="2025-10-06T17:05:37 IST" name="loginTest" data-provider="loginData" finished-at="2025-10-06T17:05:38 IST" duration-ms="1203" status="PASS">
          <params>
            <param index="0">
              <value>
                <![CDATA[invalidEmail]]>
              </value>
            </param>
            <param index="1">
              <value>
                <![CDATA[jatin123@codiste.com]]>
              </value>
            </param>
            <param index="2">
              <value>
                <![CDATA[Jatin@123]]>
              </value>
            </param>
          </params>
          <reporter-output>
            <line>
              <![CDATA[❌ Login Failed: Invalid Email & Valid Password]]>
            </line>
          </reporter-output>
        </test-method> <!-- loginTest -->
        <test-method signature="loginTest(java.lang.String,java.lang.String,java.lang.String)[pri:0, instance:tests.LoginTest@24aed80c]" started-at="2025-10-06T17:05:38 IST" name="loginTest" data-provider="loginData" finished-at="2025-10-06T17:05:39 IST" duration-ms="1335" status="PASS">
          <params>
            <param index="0">
              <value>
                <![CDATA[invalidBoth]]>
              </value>
            </param>
            <param index="1">
              <value>
                <![CDATA[jatin123@codiste.com]]>
              </value>
            </param>
            <param index="2">
              <value>
                <![CDATA[Jatin@1122]]>
              </value>
            </param>
          </params>
          <reporter-output>
            <line>
              <![CDATA[❌ Login Failed: Invalid Email & Invalid Password]]>
            </line>
          </reporter-output>
        </test-method> <!-- loginTest -->
        <test-method is-config="true" signature="afterClass()[pri:0, instance:tests.LoginTest@24aed80c]" started-at="2025-10-06T17:05:39 IST" name="afterClass" finished-at="2025-10-06T17:05:40 IST" duration-ms="194" status="PASS">
          <reporter-output>
          </reporter-output>
        </test-method> <!-- afterClass -->
      </class> <!-- tests.LoginTest -->
      <class name="tests.CreateAgentTest">
        <test-method is-config="true" signature="beforeClass(java.lang.String,org.testng.ITestContext)[pri:0, instance:tests.CreateAgentTest@2925bf5b]" started-at="2025-10-06T17:06:25 IST" name="beforeClass" finished-at="2025-10-06T17:06:28 IST" duration-ms="2400" status="PASS">
          <params>
            <param index="0">
              <value>
                <![CDATA[chrome]]>
              </value>
            </param>
            <param index="1">
              <value>
                <![CDATA[org.testng.TestRunner@4b62f1ba]]>
              </value>
            </param>
          </params>
          <reporter-output>
          </reporter-output>
        </test-method> <!-- beforeClass -->
        <test-method signature="createAndDeleteAgentTest()[pri:0, instance:tests.CreateAgentTest@2925bf5b]" started-at="2025-10-06T17:06:28 IST" name="createAndDeleteAgentTest" finished-at="2025-10-06T17:08:42 IST" duration-ms="134794" status="PASS">
          <reporter-output>
            <line>
              <![CDATA[STEP: Enter email and password]]>
            </line>
            <line>
              <![CDATA[RESULT: Login successful with email: jatin.p@codiste.com]]>
            </line>
            <line>
              <![CDATA[STEP: Wait and click on Create Agent button]]>
            </line>
            <line>
              <![CDATA[RESULT: Create Agent button clicked successfully]]>
            </line>
            <line>
              <![CDATA[STEP: Select agent template]]>
            </line>
            <line>
              <![CDATA[RESULT: Agent template selected successfully]]>
            </line>
            <line>
              <![CDATA[STEP: Assign phone number to agent]]>
            </line>
            <line>
              <![CDATA[ACTION: Clicked on phone number dropdown]]>
            </line>
            <line>
              <![CDATA[ACTION: Phone number selected]]>
            </line>
            <line>
              <![CDATA[RESULT: Phone number assigned successfully]]>
            </line>
            <line>
              <![CDATA[ACTION: Scrolled to Save button]]>
            </line>
            <line>
              <![CDATA[ACTION: Page refreshed]]>
            </line>
            <line>
              <![CDATA[RESULT: Agent saved successfully]]>
            </line>
            <line>
              <![CDATA[Popup did not appear, continue execution]]>
            </line>
            <line>
              <![CDATA[STEP: Configure Get a Call]]>
            </line>
            <line>
              <![CDATA[ACTION: Clicked on Get a Call button]]>
            </line>
            <line>
              <![CDATA[ACTION: Clicked on Phone Number dropdown]]>
            </line>
            <line>
              <![CDATA[ACTION: Selected phone number from options]]>
            </line>
            <line>
              <![CDATA[ACTION: Clicked on Country dropdown]]>
            </line>
            <line>
              <![CDATA[ACTION: Selected India as country]]>
            </line>
            <line>
              <![CDATA[ACTION: Entered phone number]]>
            </line>
            <line>
              <![CDATA[RESULT: Phone number saved successfully]]>
            </line>
            <line>
              <![CDATA[ACTION: Page refreshed after saving phone number]]>
            </line>
            <line>
              <![CDATA[ACTION: Delete button clicked via JS]]>
            </line>
            <line>
              <![CDATA[RESULT: Alert dialog opened successfully]]>
            </line>
            <line>
              <![CDATA[RESULT: Proceed button clicked normally]]>
            </line>
            <line>
              <![CDATA[Deleted Agent Successfully]]>
            </line>
          </reporter-output>
        </test-method> <!-- createAndDeleteAgentTest -->
        <test-method is-config="true" signature="afterClass()[pri:0, instance:tests.CreateAgentTest@2925bf5b]" started-at="2025-10-06T17:08:42 IST" name="afterClass" finished-at="2025-10-06T17:08:43 IST" duration-ms="175" status="PASS">
          <reporter-output>
          </reporter-output>
        </test-method> <!-- afterClass -->
      </class> <!-- tests.CreateAgentTest -->
      <class name="tests.SignUpTest">
        <test-method is-config="true" signature="beforeClass(java.lang.String,org.testng.ITestContext)[pri:0, instance:tests.SignUpTest@45c7e403]" started-at="2025-10-06T17:05:40 IST" name="beforeClass" finished-at="2025-10-06T17:05:42 IST" duration-ms="2675" status="PASS">
          <params>
            <param index="0">
              <value>
                <![CDATA[chrome]]>
              </value>
            </param>
            <param index="1">
              <value>
                <![CDATA[org.testng.TestRunner@4b62f1ba]]>
              </value>
            </param>
          </params>
          <reporter-output>
          </reporter-output>
        </test-method> <!-- beforeClass -->
        <test-method signature="validSignUpTest()[pri:1, instance:tests.SignUpTest@45c7e403]" started-at="2025-10-06T17:05:42 IST" name="validSignUpTest" finished-at="2025-10-06T17:06:25 IST" duration-ms="42751" status="PASS">
          <reporter-output>
            <line>
              <![CDATA[✅ Signup Email: testuser1759750542785@example.com]]>
            </line>
          </reporter-output>
        </test-method> <!-- validSignUpTest -->
        <test-method is-config="true" signature="afterClass()[pri:0, instance:tests.SignUpTest@45c7e403]" started-at="2025-10-06T17:06:25 IST" name="afterClass" finished-at="2025-10-06T17:06:25 IST" duration-ms="193" status="PASS">
          <reporter-output>
          </reporter-output>
        </test-method> <!-- afterClass -->
      </class> <!-- tests.SignUpTest -->
    </test> <!-- ChromeTests -->
    <test started-at="2025-10-06T17:08:43 IST" name="FirefoxTests" finished-at="2025-10-06T17:13:00 IST" duration-ms="257465">
      <class name="tests.LoginTest">
        <test-method is-config="true" signature="beforeSuite()[pri:0, instance:tests.LoginTest@5c90e579]" started-at="2025-10-06T17:04:56 IST" name="beforeSuite" finished-at="2025-10-06T17:04:56 IST" duration-ms="13" status="PASS">
          <reporter-output>
          </reporter-output>
        </test-method> <!-- beforeSuite -->
        <test-method is-config="true" signature="beforeClass(java.lang.String,org.testng.ITestContext)[pri:0, instance:tests.LoginTest@5c90e579]" started-at="2025-10-06T17:08:43 IST" name="beforeClass" finished-at="2025-10-06T17:08:52 IST" duration-ms="8995" status="PASS">
          <params>
            <param index="0">
              <value>
                <![CDATA[firefox]]>
              </value>
            </param>
            <param index="1">
              <value>
                <![CDATA[org.testng.TestRunner@39dce2df]]>
              </value>
            </param>
          </params>
          <reporter-output>
          </reporter-output>
        </test-method> <!-- beforeClass -->
        <test-method signature="loginTest(java.lang.String,java.lang.String,java.lang.String)[pri:0, instance:tests.LoginTest@5c90e579]" started-at="2025-10-06T17:08:52 IST" name="loginTest" data-provider="loginData" finished-at="2025-10-06T17:09:30 IST" duration-ms="38101" status="PASS">
          <params>
            <param index="0">
              <value>
                <![CDATA[validLogin]]>
              </value>
            </param>
            <param index="1">
              <value>
                <![CDATA[jatin.p@codiste.com]]>
              </value>
            </param>
            <param index="2">
              <value>
                <![CDATA[Jatin@123]]>
              </value>
            </param>
          </params>
          <reporter-output>
            <line>
              <![CDATA[✅ Login Successful: Valid Email & Valid Password]]>
            </line>
            <line>
              <![CDATA[Logout Successfully]]>
            </line>
          </reporter-output>
        </test-method> <!-- loginTest -->
        <test-method signature="loginTest(java.lang.String,java.lang.String,java.lang.String)[pri:0, instance:tests.LoginTest@5c90e579]" started-at="2025-10-06T17:09:30 IST" name="loginTest" data-provider="loginData" finished-at="2025-10-06T17:09:31 IST" duration-ms="1671" status="PASS">
          <params>
            <param index="0">
              <value>
                <![CDATA[invalidPassword]]>
              </value>
            </param>
            <param index="1">
              <value>
                <![CDATA[jatin.p@codiste.com]]>
              </value>
            </param>
            <param index="2">
              <value>
                <![CDATA[Jatin@1122]]>
              </value>
            </param>
          </params>
          <reporter-output>
            <line>
              <![CDATA[❌ Login Failed: Valid Email & Invalid Password]]>
            </line>
          </reporter-output>
        </test-method> <!-- loginTest -->
        <test-method signature="loginTest(java.lang.String,java.lang.String,java.lang.String)[pri:0, instance:tests.LoginTest@5c90e579]" started-at="2025-10-06T17:09:31 IST" name="loginTest" data-provider="loginData" finished-at="2025-10-06T17:09:33 IST" duration-ms="1431" status="PASS">
          <params>
            <param index="0">
              <value>
                <![CDATA[invalidEmail]]>
              </value>
            </param>
            <param index="1">
              <value>
                <![CDATA[jatin123@codiste.com]]>
              </value>
            </param>
            <param index="2">
              <value>
                <![CDATA[Jatin@123]]>
              </value>
            </param>
          </params>
          <reporter-output>
            <line>
              <![CDATA[❌ Login Failed: Invalid Email & Valid Password]]>
            </line>
          </reporter-output>
        </test-method> <!-- loginTest -->
        <test-method signature="loginTest(java.lang.String,java.lang.String,java.lang.String)[pri:0, instance:tests.LoginTest@5c90e579]" started-at="2025-10-06T17:09:33 IST" name="loginTest" data-provider="loginData" finished-at="2025-10-06T17:09:34 IST" duration-ms="1367" status="PASS">
          <params>
            <param index="0">
              <value>
                <![CDATA[invalidBoth]]>
              </value>
            </param>
            <param index="1">
              <value>
                <![CDATA[jatin123@codiste.com]]>
              </value>
            </param>
            <param index="2">
              <value>
                <![CDATA[Jatin@1122]]>
              </value>
            </param>
          </params>
          <reporter-output>
            <line>
              <![CDATA[❌ Login Failed: Invalid Email & Invalid Password]]>
            </line>
          </reporter-output>
        </test-method> <!-- loginTest -->
        <test-method is-config="true" signature="afterClass()[pri:0, instance:tests.LoginTest@5c90e579]" started-at="2025-10-06T17:09:34 IST" name="afterClass" finished-at="2025-10-06T17:09:35 IST" duration-ms="1090" status="PASS">
          <reporter-output>
          </reporter-output>
        </test-method> <!-- afterClass -->
        <test-method is-config="true" signature="afterSuite()[pri:0, instance:tests.LoginTest@5c90e579]" started-at="2025-10-06T17:13:00 IST" name="afterSuite" finished-at="2025-10-06T17:13:00 IST" duration-ms="1" status="PASS">
          <reporter-output>
          </reporter-output>
        </test-method> <!-- afterSuite -->
      </class> <!-- tests.LoginTest -->
      <class name="tests.CreateAgentTest">
        <test-method is-config="true" signature="beforeClass(java.lang.String,org.testng.ITestContext)[pri:0, instance:tests.CreateAgentTest@6f45df59]" started-at="2025-10-06T17:10:31 IST" name="beforeClass" finished-at="2025-10-06T17:10:36 IST" duration-ms="5821" status="PASS">
          <params>
            <param index="0">
              <value>
                <![CDATA[firefox]]>
              </value>
            </param>
            <param index="1">
              <value>
                <![CDATA[org.testng.TestRunner@39dce2df]]>
              </value>
            </param>
          </params>
          <reporter-output>
          </reporter-output>
        </test-method> <!-- beforeClass -->
        <test-method signature="createAndDeleteAgentTest()[pri:0, instance:tests.CreateAgentTest@6f45df59]" started-at="2025-10-06T17:10:36 IST" name="createAndDeleteAgentTest" finished-at="2025-10-06T17:12:59 IST" duration-ms="142425" status="PASS">
          <reporter-output>
            <line>
              <![CDATA[STEP: Enter email and password]]>
            </line>
            <line>
              <![CDATA[RESULT: Login successful with email: jatin.p@codiste.com]]>
            </line>
            <line>
              <![CDATA[STEP: Wait and click on Create Agent button]]>
            </line>
            <line>
              <![CDATA[RESULT: Create Agent button clicked successfully]]>
            </line>
            <line>
              <![CDATA[STEP: Select agent template]]>
            </line>
            <line>
              <![CDATA[RESULT: Agent template selected successfully]]>
            </line>
            <line>
              <![CDATA[STEP: Assign phone number to agent]]>
            </line>
            <line>
              <![CDATA[ACTION: Clicked on phone number dropdown]]>
            </line>
            <line>
              <![CDATA[ACTION: Phone number selected]]>
            </line>
            <line>
              <![CDATA[RESULT: Phone number assigned successfully]]>
            </line>
            <line>
              <![CDATA[ACTION: Scrolled to Save button]]>
            </line>
            <line>
              <![CDATA[ACTION: Page refreshed]]>
            </line>
            <line>
              <![CDATA[RESULT: Agent saved successfully]]>
            </line>
            <line>
              <![CDATA[Popup did not appear, continue execution]]>
            </line>
            <line>
              <![CDATA[STEP: Configure Get a Call]]>
            </line>
            <line>
              <![CDATA[ACTION: Clicked on Get a Call button]]>
            </line>
            <line>
              <![CDATA[ACTION: Clicked on Phone Number dropdown]]>
            </line>
            <line>
              <![CDATA[ACTION: Selected phone number from options]]>
            </line>
            <line>
              <![CDATA[ACTION: Clicked on Country dropdown]]>
            </line>
            <line>
              <![CDATA[ACTION: Selected India as country]]>
            </line>
            <line>
              <![CDATA[ACTION: Entered phone number]]>
            </line>
            <line>
              <![CDATA[RESULT: Phone number saved successfully]]>
            </line>
            <line>
              <![CDATA[ACTION: Page refreshed after saving phone number]]>
            </line>
            <line>
              <![CDATA[ACTION: Delete button clicked via JS]]>
            </line>
            <line>
              <![CDATA[RESULT: Alert dialog opened successfully]]>
            </line>
            <line>
              <![CDATA[RESULT: Proceed button clicked normally]]>
            </line>
            <line>
              <![CDATA[Deleted Agent Successfully]]>
            </line>
          </reporter-output>
        </test-method> <!-- createAndDeleteAgentTest -->
        <test-method is-config="true" signature="afterClass()[pri:0, instance:tests.CreateAgentTest@6f45df59]" started-at="2025-10-06T17:12:59 IST" name="afterClass" finished-at="2025-10-06T17:13:00 IST" duration-ms="1207" status="PASS">
          <reporter-output>
          </reporter-output>
        </test-method> <!-- afterClass -->
      </class> <!-- tests.CreateAgentTest -->
      <class name="tests.SignUpTest">
        <test-method is-config="true" signature="beforeClass(java.lang.String,org.testng.ITestContext)[pri:0, instance:tests.SignUpTest@58ea606c]" started-at="2025-10-06T17:09:35 IST" name="beforeClass" finished-at="2025-10-06T17:09:41 IST" duration-ms="6214" status="PASS">
          <params>
            <param index="0">
              <value>
                <![CDATA[firefox]]>
              </value>
            </param>
            <param index="1">
              <value>
                <![CDATA[org.testng.TestRunner@39dce2df]]>
              </value>
            </param>
          </params>
          <reporter-output>
          </reporter-output>
        </test-method> <!-- beforeClass -->
        <test-method signature="validSignUpTest()[pri:1, instance:tests.SignUpTest@58ea606c]" started-at="2025-10-06T17:09:41 IST" name="validSignUpTest" finished-at="2025-10-06T17:10:29 IST" duration-ms="47919" status="PASS">
          <reporter-output>
            <line>
              <![CDATA[✅ Signup Email: testuser1759750782000@example.com]]>
            </line>
          </reporter-output>
        </test-method> <!-- validSignUpTest -->
        <test-method is-config="true" signature="afterClass()[pri:0, instance:tests.SignUpTest@58ea606c]" started-at="2025-10-06T17:10:29 IST" name="afterClass" finished-at="2025-10-06T17:10:31 IST" duration-ms="1212" status="PASS">
          <reporter-output>
          </reporter-output>
        </test-method> <!-- afterClass -->
      </class> <!-- tests.SignUpTest -->
    </test> <!-- FirefoxTests -->
  </suite> <!-- AutomationSuite -->
</testng-results>
