<?xml version="1.0" encoding="UTF-8"?>
<testng-results ignored="0" total="1" passed="1" failed="0" skipped="0">
  <reporter-output>
    <line>
      <![CDATA[STEP: Enter email and password]]>
    </line>
    <line>
      <![CDATA[RESULT: Login successful with email: jatin.p@codiste.com]]>
    </line>
    <line>
      <![CDATA[STEP: Wait and click on Create Agent button]]>
    </line>
    <line>
      <![CDATA[RESULT: Create Agent button clicked successfully]]>
    </line>
    <line>
      <![CDATA[STEP: Select agent template]]>
    </line>
    <line>
      <![CDATA[RESULT: Agent template selected successfully]]>
    </line>
    <line>
      <![CDATA[STEP: Assign phone number to agent]]>
    </line>
    <line>
      <![CDATA[ACTION: Clicked on phone number dropdown]]>
    </line>
    <line>
      <![CDATA[ACTION: Phone number selected]]>
    </line>
    <line>
      <![CDATA[RESULT: Phone number assigned successfully]]>
    </line>
    <line>
      <![CDATA[ACTION: Scrolled to Save button]]>
    </line>
    <line>
      <![CDATA[ACTION: Page refreshed]]>
    </line>
    <line>
      <![CDATA[RESULT: Agent saved successfully]]>
    </line>
    <line>
      <![CDATA[STEP: Configure Get a Call]]>
    </line>
    <line>
      <![CDATA[ACTION: Clicked on Get a Call button]]>
    </line>
    <line>
      <![CDATA[ACTION: Clicked on Phone Number dropdown]]>
    </line>
    <line>
      <![CDATA[ACTION: Selected phone number from options]]>
    </line>
    <line>
      <![CDATA[ACTION: Entered phone number]]>
    </line>
    <line>
      <![CDATA[RESULT: Phone number saved successfully]]>
    </line>
    <line>
      <![CDATA[ACTION: Page refreshed after saving phone number]]>
    </line>
    <line>
      <![CDATA[ACTION: Delete button clicked via JS]]>
    </line>
    <line>
      <![CDATA[RESULT: Alert dialog opened successfully]]>
    </line>
    <line>
      <![CDATA[RESULT: Proceed button clicked normally]]>
    </line>
    <line>
      <![CDATA[Deleted Agent Successfully]]>
    </line>
  </reporter-output>
  <suite started-at="2025-10-07T18:20:24 IST" name="Default suite" finished-at="2025-10-07T18:22:26 IST" duration-ms="122131">
    <groups>
    </groups>
    <test started-at="2025-10-07T18:20:24 IST" name="Default test" finished-at="2025-10-07T18:22:26 IST" duration-ms="122131">
      <class name="tests.CreateAgentTest">
        <test-method is-config="true" signature="beforeSuite()[pri:0, instance:tests.CreateAgentTest@5dda768f]" started-at="2025-10-07T18:20:24 IST" name="beforeSuite" finished-at="2025-10-07T18:20:24 IST" duration-ms="10" status="PASS">
          <reporter-output>
          </reporter-output>
        </test-method> <!-- beforeSuite -->
        <test-method is-config="true" signature="beforeClass(java.lang.String,org.testng.ITestContext)[pri:0, instance:tests.CreateAgentTest@5dda768f]" started-at="2025-10-07T18:20:24 IST" name="beforeClass" finished-at="2025-10-07T18:20:28 IST" duration-ms="3334" status="PASS">
          <params>
            <param index="0">
              <value>
                <![CDATA[chrome]]>
              </value>
            </param>
            <param index="1">
              <value>
                <![CDATA[org.testng.TestRunner@69cd1085]]>
              </value>
            </param>
          </params>
          <reporter-output>
          </reporter-output>
        </test-method> <!-- beforeClass -->
        <test-method signature="createAndDeleteAgentTest()[pri:0, instance:tests.CreateAgentTest@5dda768f]" started-at="2025-10-07T18:20:28 IST" name="createAndDeleteAgentTest" finished-at="2025-10-07T18:22:26 IST" duration-ms="118463" status="PASS">
          <reporter-output>
            <line>
              <![CDATA[STEP: Enter email and password]]>
            </line>
            <line>
              <![CDATA[RESULT: Login successful with email: jatin.p@codiste.com]]>
            </line>
            <line>
              <![CDATA[STEP: Wait and click on Create Agent button]]>
            </line>
            <line>
              <![CDATA[RESULT: Create Agent button clicked successfully]]>
            </line>
            <line>
              <![CDATA[STEP: Select agent template]]>
            </line>
            <line>
              <![CDATA[RESULT: Agent template selected successfully]]>
            </line>
            <line>
              <![CDATA[STEP: Assign phone number to agent]]>
            </line>
            <line>
              <![CDATA[ACTION: Clicked on phone number dropdown]]>
            </line>
            <line>
              <![CDATA[ACTION: Phone number selected]]>
            </line>
            <line>
              <![CDATA[RESULT: Phone number assigned successfully]]>
            </line>
            <line>
              <![CDATA[ACTION: Scrolled to Save button]]>
            </line>
            <line>
              <![CDATA[ACTION: Page refreshed]]>
            </line>
            <line>
              <![CDATA[RESULT: Agent saved successfully]]>
            </line>
            <line>
              <![CDATA[STEP: Configure Get a Call]]>
            </line>
            <line>
              <![CDATA[ACTION: Clicked on Get a Call button]]>
            </line>
            <line>
              <![CDATA[ACTION: Clicked on Phone Number dropdown]]>
            </line>
            <line>
              <![CDATA[ACTION: Selected phone number from options]]>
            </line>
            <line>
              <![CDATA[ACTION: Entered phone number]]>
            </line>
            <line>
              <![CDATA[RESULT: Phone number saved successfully]]>
            </line>
            <line>
              <![CDATA[ACTION: Page refreshed after saving phone number]]>
            </line>
            <line>
              <![CDATA[ACTION: Delete button clicked via JS]]>
            </line>
            <line>
              <![CDATA[RESULT: Alert dialog opened successfully]]>
            </line>
            <line>
              <![CDATA[RESULT: Proceed button clicked normally]]>
            </line>
            <line>
              <![CDATA[Deleted Agent Successfully]]>
            </line>
          </reporter-output>
        </test-method> <!-- createAndDeleteAgentTest -->
        <test-method is-config="true" signature="afterClass()[pri:0, instance:tests.CreateAgentTest@5dda768f]" started-at="2025-10-07T18:22:26 IST" name="afterClass" finished-at="2025-10-07T18:22:26 IST" duration-ms="307" status="PASS">
          <reporter-output>
          </reporter-output>
        </test-method> <!-- afterClass -->
        <test-method is-config="true" signature="afterSuite()[pri:0, instance:tests.CreateAgentTest@5dda768f]" started-at="2025-10-07T18:22:26 IST" name="afterSuite" finished-at="2025-10-07T18:22:26 IST" duration-ms="0" status="PASS">
          <reporter-output>
          </reporter-output>
        </test-method> <!-- afterSuite -->
      </class> <!-- tests.CreateAgentTest -->
    </test> <!-- Default test -->
  </suite> <!-- Default suite -->
</testng-results>
