<?xml version="1.0" encoding="UTF-8"?>
<!-- Generated by org.testng.reporters.JUnitReportReporter -->
<testsuite hostname="JatinCodiste" failures="0" tests="1" name="tests.SignUpTest" time="89.377" errors="0" timestamp="2025-09-22T11:50:43 IST" skipped="0">
  <testcase classname="tests.SignUpTest" name="validSignUpTest" time="89.377">
    <system-out>
      <![CDATA[✅ Signup Email: testuser1758521969975@example.com
✅ Auto-Populated Email: testuser1758521969975@example.com]]>
    </system-out>
  </testcase> <!-- validSignUpTest -->
  <system-out>
    <![CDATA[✅ Signup Email: testuser1758521969975@example.com
✅ Auto-Populated Email: testuser1758521969975@example.com]]>
  </system-out>
</testsuite> <!-- tests.SignUpTest -->
