<?xml version="1.0" encoding="UTF-8"?>
<!-- Generated by org.testng.reporters.JUnitReportReporter -->
<testsuite hostname="JatinCodiste" failures="0" tests="3" name="tests.SignUpTest" time="360.202" errors="0" timestamp="2025-09-19T18:36:21 IST" skipped="0">
  <testcase classname="tests.SignUpTest" name="validSignUpTest" time="123.712"/>
  <testcase classname="tests.SignUpTest" name="validSignUpTest" time="117.323"/>
  <testcase classname="tests.SignUpTest" name="validSignUpTest" time="119.167"/>
</testsuite> <!-- tests.SignUpTest -->
