<?xml version="1.0" encoding="UTF-8"?>
<!-- Generated by org.testng.reporters.JUnitReportReporter -->
<testsuite hostname="JatinCodiste" failures="0" tests="4" name="tests.LoginTest" time="133.781" errors="0" timestamp="2025-09-15T17:38:46 IST" skipped="0">
  <testcase classname="tests.LoginTest" name="loginTest" time="32.988">
    <system-out>
      <![CDATA[Running test on browser: chrome
Attempting login on: 15-09-2025 17:37:38
Attempting login with username: jatin123@codiste.com : Jatin@123
[chrome] Login result for user [jatin123@codiste.com Jatin@123] : Invalid Credentials :Email not found
[Thread ID : 1] Invalid Credentials :Email not found
[chrome] Login failed → Closing browser]]>
    </system-out>
  </testcase> <!-- loginTest -->
  <testcase classname="tests.LoginTest" name="loginTest" time="64.245">
    <system-out>
      <![CDATA[Running test on browser: chrome
Attempting login on: 15-09-2025 17:36:35
Attempting login with username: jatin.p@codiste.com : Jatin@123
[chrome] Login result for user [jatin.p@codiste.com Jatin@123] : Login Successful for user :jatin.p@codiste.com
[Thread ID : 1] Login Successful for user :jatin.p@codiste.com
[chrome] Login successful → Logging out and closing browser]]>
    </system-out>
  </testcase> <!-- loginTest -->
  <testcase classname="tests.LoginTest" name="loginTest" time="2.694">
    <system-out>
      <![CDATA[Running test on browser: chrome
Attempting login on: 15-09-2025 17:38:11
Attempting login with username: Jatin@1122 : jatin.p@codiste.com
[chrome] Login result for user [Jatin@1122 jatin.p@codiste.com] : Invalid Email :Email must be valid.
[Thread ID : 1] Invalid Email :Email must be valid.
[chrome] Login failed → Closing browser]]>
    </system-out>
  </testcase> <!-- loginTest -->
  <testcase classname="tests.LoginTest" name="loginTest" time="33.854">
    <system-out>
      <![CDATA[Running test on browser: chrome
Attempting login on: 15-09-2025 17:38:14
Attempting login with username: jatin123@codiste.com : Jatin@1122
[chrome] Login result for user [jatin123@codiste.com Jatin@1122] : Invalid Credentials :Email not found
[Thread ID : 1] Invalid Credentials :Email not found
[chrome] Login failed → Closing browser]]>
    </system-out>
  </testcase> <!-- loginTest -->
  <system-out>
    <![CDATA[Running test on browser: chrome
Attempting login on: 15-09-2025 17:36:35
Attempting login with username: jatin.p@codiste.com : Jatin@123
[chrome] Login result for user [jatin.p@codiste.com Jatin@123] : Login Successful for user :jatin.p@codiste.com
[Thread ID : 1] Login Successful for user :jatin.p@codiste.com
[chrome] Login successful → Logging out and closing browser
Running test on browser: chrome
Attempting login on: 15-09-2025 17:37:38
Attempting login with username: jatin123@codiste.com : Jatin@123
[chrome] Login result for user [jatin123@codiste.com Jatin@123] : Invalid Credentials :Email not found
[Thread ID : 1] Invalid Credentials :Email not found
[chrome] Login failed → Closing browser
Running test on browser: chrome
Attempting login on: 15-09-2025 17:38:11
Attempting login with username: Jatin@1122 : jatin.p@codiste.com
[chrome] Login result for user [Jatin@1122 jatin.p@codiste.com] : Invalid Email :Email must be valid.
[Thread ID : 1] Invalid Email :Email must be valid.
[chrome] Login failed → Closing browser
Running test on browser: chrome
Attempting login on: 15-09-2025 17:38:14
Attempting login with username: jatin123@codiste.com : Jatin@1122
[chrome] Login result for user [jatin123@codiste.com Jatin@1122] : Invalid Credentials :Email not found
[Thread ID : 1] Invalid Credentials :Email not found
[chrome] Login failed → Closing browser]]>
  </system-out>
</testsuite> <!-- tests.LoginTest -->
