<?xml version="1.0" encoding="UTF-8"?>
<!-- Generated by org.testng.reporters.JUnitReportReporter -->
<testsuite hostname="JatinCodiste" failures="0" tests="12" name="tests.LoginTest" time="322.344" errors="0" timestamp="2025-09-19T18:36:21 IST" skipped="0">
  <testcase classname="tests.LoginTest" name="validLoginTest" time="37.730"/>
  <testcase classname="tests.LoginTest" name="validLoginTest" time="28.951"/>
  <testcase classname="tests.LoginTest" name="validLoginTest" time="31.024"/>
  <testcase classname="tests.LoginTest" name="invalidPasswordTest" time="23.415"/>
  <testcase classname="tests.LoginTest" name="invalidPasswordTest" time="23.456"/>
  <testcase classname="tests.LoginTest" name="invalidPasswordTest" time="28.055"/>
  <testcase classname="tests.LoginTest" name="invalidEmailTest" time="23.546"/>
  <testcase classname="tests.LoginTest" name="invalidEmailTest" time="27.097"/>
  <testcase classname="tests.LoginTest" name="invalidEmailTest" time="23.671"/>
  <testcase classname="tests.LoginTest" name="invalidEmailAndPasswordTest" time="27.893"/>
  <testcase classname="tests.LoginTest" name="invalidEmailAndPasswordTest" time="24.216"/>
  <testcase classname="tests.LoginTest" name="invalidEmailAndPasswordTest" time="23.290"/>
</testsuite> <!-- tests.LoginTest -->
