<?xml version="1.0" encoding="UTF-8"?>
<!-- Generated by org.testng.reporters.JUnitXMLReporter -->
<testsuite ignored="0" hostname="JatinCodiste" failures="0" tests="5" name="ChromeTest" time="239.261" errors="0" timestamp="2025-09-15T17:16:25 IST">
  <testcase classname="tests.LoginTest" name="loginTest" time="77.085"/>
  <testcase classname="tests.LoginTest" name="loginTest" time="43.863"/>
  <testcase classname="tests.LoginTest" name="loginTest" time="14.564"/>
  <testcase classname="tests.LoginTest" name="loginTest" time="43.806"/>
  <testcase classname="tests.SignUpTest" name="signUpInAc" time="48.905"/>
</testsuite> <!-- ChromeTest -->
