<?xml version="1.0" encoding="UTF-8"?>
<!-- Generated by org.testng.reporters.JUnitXMLReporter -->
<testsuite ignored="0" hostname="JatinCodiste" failures="0" tests="5" name="EdgeTest" time="238.718" errors="0" timestamp="2025-09-15T17:16:24 IST">
  <testcase classname="tests.LoginTest" name="loginTest" time="76.893"/>
  <testcase classname="tests.LoginTest" name="loginTest" time="43.729"/>
  <testcase classname="tests.LoginTest" name="loginTest" time="14.063"/>
  <testcase classname="tests.LoginTest" name="loginTest" time="43.999"/>
  <testcase classname="tests.SignUpTest" name="signUpInAc" time="48.675"/>
</testsuite> <!-- EdgeTest -->
