<?xml version="1.0" encoding="UTF-8"?>
<!-- Generated by org.testng.reporters.JUnitXMLReporter -->
<testsuite ignored="0" hostname="JatinCodiste" failures="0" tests="5" name="FirefoxTest" time="257.2" errors="0" timestamp="2025-09-15T17:16:43 IST">
  <testcase classname="tests.LoginTest" name="loginTest" time="80.812"/>
  <testcase classname="tests.LoginTest" name="loginTest" time="44.137"/>
  <testcase classname="tests.LoginTest" name="loginTest" time="14.608"/>
  <testcase classname="tests.LoginTest" name="loginTest" time="44.441"/>
  <testcase classname="tests.SignUpTest" name="signUpInAc" time="47.321"/>
</testsuite> <!-- FirefoxTest -->
